<?xml version="1.0" encoding="UTF-8"?>
<testng-results ignored="0" total="2" passed="2" failed="0" skipped="0">
  <reporter-output>
  </reporter-output>
  <suite started-at="2022-06-06T12:45:18 IST" name="Suite" finished-at="2022-06-06T12:45:58 IST" duration-ms="40104">
    <groups>
    </groups>
    <test started-at="2022-06-06T12:45:18 IST" name="ChromeTest" finished-at="2022-06-06T12:45:39 IST" duration-ms="20957">
      <class name="TestClasses.TestingClass">
        <test-method is-config="true" signature="lounchBrowser(java.lang.String)[pri:0, instance:TestClasses.TestingClass@1534f01b]" started-at="2022-06-06T12:45:18 IST" name="lounchBrowser" finished-at="2022-06-06T12:45:20 IST" duration-ms="2415" status="PASS">
          <params>
            <param index="0">
              <value>
                <![CDATA[Chrome]]>
              </value>
            </param>
          </params>
          <reporter-output>
          </reporter-output>
        </test-method> <!-- lounchBrowser -->
        <test-method is-config="true" signature="createPomObjects()[pri:0, instance:TestClasses.TestingClass@1534f01b]" started-at="2022-06-06T12:45:20 IST" name="createPomObjects" finished-at="2022-06-06T12:45:21 IST" duration-ms="641" status="PASS">
          <reporter-output>
          </reporter-output>
        </test-method> <!-- createPomObjects -->
        <test-method is-config="true" signature="login()[pri:0, instance:TestClasses.TestingClass@1534f01b]" started-at="2022-06-06T12:45:21 IST" name="login" finished-at="2022-06-06T12:45:29 IST" duration-ms="8305" status="PASS">
          <reporter-output>
          </reporter-output>
        </test-method> <!-- login -->
        <test-method signature="verifyUrl()[pri:0, instance:TestClasses.TestingClass@1534f01b]" started-at="2022-06-06T12:45:29 IST" name="verifyUrl" finished-at="2022-06-06T12:45:29 IST" duration-ms="22" status="PASS">
          <reporter-output>
          </reporter-output>
        </test-method> <!-- verifyUrl -->
        <test-method is-config="true" signature="logout()[pri:0, instance:TestClasses.TestingClass@1534f01b]" started-at="2022-06-06T12:45:29 IST" name="logout" finished-at="2022-06-06T12:45:34 IST" duration-ms="5431" status="PASS">
          <reporter-output>
          </reporter-output>
        </test-method> <!-- logout -->
        <test-method is-config="true" signature="clearObjects()[pri:0, instance:TestClasses.TestingClass@1534f01b]" started-at="2022-06-06T12:45:34 IST" name="clearObjects" finished-at="2022-06-06T12:45:34 IST" duration-ms="0" status="PASS">
          <reporter-output>
          </reporter-output>
        </test-method> <!-- clearObjects -->
        <test-method is-config="true" signature="closedBrowser()[pri:0, instance:TestClasses.TestingClass@1534f01b]" started-at="2022-06-06T12:45:34 IST" name="closedBrowser" finished-at="2022-06-06T12:45:39 IST" duration-ms="4118" status="PASS">
          <reporter-output>
          </reporter-output>
        </test-method> <!-- closedBrowser -->
      </class> <!-- TestClasses.TestingClass -->
    </test> <!-- ChromeTest -->
    <test started-at="2022-06-06T12:45:39 IST" name="EdgeTest" finished-at="2022-06-06T12:45:58 IST" duration-ms="19100">
      <class name="TestClasses.TestingClass">
        <test-method is-config="true" signature="lounchBrowser(java.lang.String)[pri:0, instance:TestClasses.TestingClass@cd3fee8]" started-at="2022-06-06T12:45:39 IST" name="lounchBrowser" finished-at="2022-06-06T12:45:40 IST" duration-ms="1102" status="PASS">
          <params>
            <param index="0">
              <value>
                <![CDATA[Edge]]>
              </value>
            </param>
          </params>
          <reporter-output>
          </reporter-output>
        </test-method> <!-- lounchBrowser -->
        <test-method is-config="true" signature="createPomObjects()[pri:0, instance:TestClasses.TestingClass@cd3fee8]" started-at="2022-06-06T12:45:40 IST" name="createPomObjects" finished-at="2022-06-06T12:45:40 IST" duration-ms="767" status="PASS">
          <reporter-output>
          </reporter-output>
        </test-method> <!-- createPomObjects -->
        <test-method is-config="true" signature="login()[pri:0, instance:TestClasses.TestingClass@cd3fee8]" started-at="2022-06-06T12:45:40 IST" name="login" finished-at="2022-06-06T12:45:48 IST" duration-ms="7584" status="PASS">
          <reporter-output>
          </reporter-output>
        </test-method> <!-- login -->
        <test-method signature="verifyUrl()[pri:0, instance:TestClasses.TestingClass@cd3fee8]" started-at="2022-06-06T12:45:48 IST" name="verifyUrl" finished-at="2022-06-06T12:45:48 IST" duration-ms="20" status="PASS">
          <reporter-output>
          </reporter-output>
        </test-method> <!-- verifyUrl -->
        <test-method is-config="true" signature="logout()[pri:0, instance:TestClasses.TestingClass@cd3fee8]" started-at="2022-06-06T12:45:48 IST" name="logout" finished-at="2022-06-06T12:45:54 IST" duration-ms="5454" status="PASS">
          <reporter-output>
          </reporter-output>
        </test-method> <!-- logout -->
        <test-method is-config="true" signature="clearObjects()[pri:0, instance:TestClasses.TestingClass@cd3fee8]" started-at="2022-06-06T12:45:54 IST" name="clearObjects" finished-at="2022-06-06T12:45:54 IST" duration-ms="0" status="PASS">
          <reporter-output>
          </reporter-output>
        </test-method> <!-- clearObjects -->
        <test-method is-config="true" signature="closedBrowser()[pri:0, instance:TestClasses.TestingClass@cd3fee8]" started-at="2022-06-06T12:45:54 IST" name="closedBrowser" finished-at="2022-06-06T12:45:58 IST" duration-ms="4169" status="PASS">
          <reporter-output>
          </reporter-output>
        </test-method> <!-- closedBrowser -->
      </class> <!-- TestClasses.TestingClass -->
    </test> <!-- EdgeTest -->
  </suite> <!-- Suite -->
</testng-results>
